2020.05.28 17:22:18 INFO  started: Metals version 0.9.0 in workspace 'C:\Users\LucienPersonal\Source\Repos\XRouter.Service.Explorer.Client'
2020.05.28 17:22:24 INFO  time: initialize in 6.62s
2020.05.28 17:22:31 WARN  no build tool detected in workspace 'C:\Users\LucienPersonal\Source\Repos\XRouter.Service.Explorer.Client'. The most common cause for this problem is that the editor was opened in the wrong working directory, for example if you use sbt then the workspace directory should contain build.sbt. 
2020.05.29 12:20:20 INFO  shutting down Metals
2020.06.02 22:56:18 INFO  started: Metals version 0.9.0 in workspace 'C:\Users\LucienPersonal\Source\Repos\XRouter.Service.Explorer.Client'
2020.06.02 22:56:19 INFO  time: initialize in 1.29s
2020.06.02 22:56:21 WARN  no build tool detected in workspace 'C:\Users\LucienPersonal\Source\Repos\XRouter.Service.Explorer.Client'. The most common cause for this problem is that the editor was opened in the wrong working directory, for example if you use sbt then the workspace directory should contain build.sbt. 
2020.06.02 23:50:39 INFO  shutting down Metals
2020.06.06 13:00:30 INFO  started: Metals version 0.9.0 in workspace 'C:\Users\LucienPersonal\Source\Repos\XRouter.Service.Explorer.Client'
2020.06.06 13:00:31 INFO  time: initialize in 0.72s
2020.06.06 13:00:32 WARN  no build tool detected in workspace 'C:\Users\LucienPersonal\Source\Repos\XRouter.Service.Explorer.Client'. The most common cause for this problem is that the editor was opened in the wrong working directory, for example if you use sbt then the workspace directory should contain build.sbt. 
Jun 07, 2020 11:09:10 PM org.eclipse.lsp4j.jsonrpc.services.GenericEndpoint notify
INFO: Unsupported notification method: $/setTraceNotification
2020.06.08 19:53:33 INFO  shutting down Metals
2020.06.12 23:43:42 INFO  started: Metals version 0.9.0 in workspace 'C:\Users\LucienPersonal\Source\Repos\XRouter.Service.Explorer.Client'
2020.06.12 23:43:42 INFO  time: initialize in 0.71s
2020.06.12 23:43:43 WARN  no build tool detected in workspace 'C:\Users\LucienPersonal\Source\Repos\XRouter.Service.Explorer.Client'. The most common cause for this problem is that the editor was opened in the wrong working directory, for example if you use sbt then the workspace directory should contain build.sbt. 
2020.06.13 21:20:24 INFO  started: Metals version 0.9.0 in workspace 'C:\Users\LucienPersonal\Source\Repos\XRouter.Service.Explorer.Client'
2020.06.13 21:20:25 INFO  time: initialize in 0.78s
2020.06.13 21:20:30 WARN  no build tool detected in workspace 'C:\Users\LucienPersonal\Source\Repos\XRouter.Service.Explorer.Client'. The most common cause for this problem is that the editor was opened in the wrong working directory, for example if you use sbt then the workspace directory should contain build.sbt. 
2020.06.14 17:39:39 INFO  shutting down Metals
2020.06.14 17:45:13 INFO  started: Metals version 0.9.0 in workspace 'C:\Users\LucienPersonal\Source\Repos\XRouter.Service.Explorer.Client'
2020.06.14 17:45:14 INFO  time: initialize in 1.17s
2020.06.14 17:45:16 WARN  no build tool detected in workspace 'C:\Users\LucienPersonal\Source\Repos\XRouter.Service.Explorer.Client'. The most common cause for this problem is that the editor was opened in the wrong working directory, for example if you use sbt then the workspace directory should contain build.sbt. 
Jun 17, 2020 1:15:28 PM org.eclipse.lsp4j.jsonrpc.services.GenericEndpoint notify
INFO: Unsupported notification method: $/setTraceNotification
Jun 17, 2020 1:15:36 PM org.eclipse.lsp4j.jsonrpc.services.GenericEndpoint notify
INFO: Unsupported notification method: $/setTraceNotification
Jun 17, 2020 1:17:07 PM org.eclipse.lsp4j.jsonrpc.services.GenericEndpoint notify
INFO: Unsupported notification method: $/setTraceNotification
Jun 17, 2020 1:17:10 PM org.eclipse.lsp4j.jsonrpc.services.GenericEndpoint notify
INFO: Unsupported notification method: $/setTraceNotification
